<?xml version="1.0" encoding="UTF-8"?>
<testng-results ignored="0" total="1" passed="1" failed="0" skipped="0">
  <reporter-output>
  </reporter-output>
  <suite started-at="2024-03-30T14:47:19 IST" name="Default suite" finished-at="2024-03-30T14:47:19 IST" duration-ms="129">
    <groups>
    </groups>
    <test started-at="2024-03-30T14:47:19 IST" name="Default test" finished-at="2024-03-30T14:47:19 IST" duration-ms="129">
      <class name="newConcepts.LoggerExample">
        <test-method signature="sampleMethod()[pri:0, instance:newConcepts.LoggerExample@52e6fdee]" started-at="2024-03-30T14:47:19 IST" name="sampleMethod" finished-at="2024-03-30T14:47:19 IST" duration-ms="73" status="PASS">
          <reporter-output>
          </reporter-output>
        </test-method> <!-- sampleMethod -->
      </class> <!-- newConcepts.LoggerExample -->
    </test> <!-- Default test -->
  </suite> <!-- Default suite -->
</testng-results>
